<?xml version="1.0" encoding="UTF-8"?>
<!-- Generated by org.testng.reporters.JUnitReportReporter -->
<testsuite hostname="DESKTOP-5IN5P6J" failures="0" tests="1" name="testScript.ManageContactTest" time="23.301" errors="0" timestamp="2025-06-09T20:48:53 IST" skipped="0">
  <testcase classname="testScript.ManageContactTest" name="verifyWhetherUserIsAbleToAddContactUsDetails" time="23.301"/>
</testsuite> <!-- testScript.ManageContactTest -->
