<?xml version="1.0" encoding="UTF-8"?>
<!-- Generated by org.testng.reporters.JUnitReportReporter -->
<testsuite hostname="DESKTOP-5IN5P6J" failures="0" tests="1" name="testScript.HomePageTest" time="11.744" errors="0" timestamp="2025-06-08T10:29:43 IST" skipped="0">
  <testcase classname="testScript.HomePageTest" name="logoutTest" time="11.744"/>
</testsuite> <!-- testScript.HomePageTest -->
