<?xml version="1.0" encoding="UTF-8"?>
<!-- Generated by org.testng.reporters.JUnitReportReporter -->
<testsuite hostname="DESKTOP-5IN5P6J" failures="0" tests="1" name="testScript.LogoutTest" time="5.484" errors="0" timestamp="2025-05-30T12:08:36 IST" skipped="0">
  <testcase classname="testScript.LogoutTest" name="logoutTest" time="5.484"/>
</testsuite> <!-- testScript.LogoutTest -->
