<?xml version="1.0" encoding="UTF-8"?>
<!-- Generated by org.testng.reporters.JUnitReportReporter -->
<testsuite hostname="DESKTOP-5IN5P6J" failures="0" tests="1" name="testScript.ManageCategoryTest" time="7.959" errors="0" timestamp="2025-05-30T12:28:25 IST" skipped="0">
  <testcase classname="testScript.ManageCategoryTest" name="manageCategoryTest" time="7.959"/>
</testsuite> <!-- testScript.ManageCategoryTest -->
