<?xml version="1.0" encoding="UTF-8"?>
<!-- Generated by org.testng.reporters.JUnitReportReporter -->
<testsuite hostname="DESKTOP-5IN5P6J" failures="0" tests="2" name="testScript.ManageFooterTest" time="26.073" errors="0" timestamp="2025-06-09T18:15:25 IST" skipped="0">
  <testcase classname="testScript.ManageFooterTest" name="verifyWhetherUserIsAbleToUpdateTheFooterTextInformation" time="11.126"/>
  <testcase classname="testScript.ManageFooterTest" name="verifyWhetherUserIsAbleToDisplayTheUpdateButton" time="14.947"/>
</testsuite> <!-- testScript.ManageFooterTest -->
