<?xml version="1.0" encoding="UTF-8"?>
<!-- Generated by org.testng.reporters.JUnitReportReporter -->
<testsuite hostname="DESKTOP-5IN5P6J" failures="0" tests="6" name="testScript.ManageNewsTest" time="49.683" errors="0" timestamp="2025-06-03T11:40:30 IST" skipped="0">
  <testcase classname="testScript.ManageNewsTest" name="manageNewsTest2" time="9.517"/>
  <testcase classname="testScript.ManageNewsTest" name="manageNewsTest" time="10.941"/>
  <testcase classname="testScript.ManageNewsTest" name="manageNewsTest1" time="5.762"/>
  <testcase classname="testScript.ManageNewsTest" name="manageNewsTest2" time="6.781"/>
  <testcase classname="testScript.ManageNewsTest" name="manageNewsTest1" time="9.239"/>
  <testcase classname="testScript.ManageNewsTest" name="manageNewsTest" time="7.443"/>
</testsuite> <!-- testScript.ManageNewsTest -->
