<?xml version="1.0" encoding="UTF-8"?>
<!-- Generated by org.testng.reporters.JUnitReportReporter -->
<testsuite hostname="DESKTOP-5IN5P6J" failures="0" tests="3" name="testScript.ManageNewsTest" time="31.727" errors="0" timestamp="2025-06-09T18:23:34 IST" skipped="0">
  <testcase classname="testScript.ManageNewsTest" name="verifyWhetherUserIsAble" time="11.602"/>
  <testcase classname="testScript.ManageNewsTest" name="verifyWhetherUserIsAbleToAddNewNews" time="9.612"/>
  <testcase classname="testScript.ManageNewsTest" name="manageNewsTest2" time="10.513"/>
</testsuite> <!-- testScript.ManageNewsTest -->
