<?xml version="1.0" encoding="UTF-8"?>
<!-- Generated by org.testng.reporters.JUnitReportReporter -->
<testsuite hostname="DESKTOP-5IN5P6J" failures="0" tests="1" name="testScript.HomePageTest" time="13.187" errors="0" timestamp="2025-06-09T11:47:42 IST" skipped="0">
  <testcase classname="testScript.HomePageTest" name="verifyWhetherUserIsAbleToLogoutTHeSession" time="13.187"/>
</testsuite> <!-- testScript.HomePageTest -->
