<?xml version="1.0" encoding="UTF-8"?>
<!-- Generated by org.testng.reporters.JUnitReportReporter -->
<testsuite hostname="DESKTOP-5IN5P6J" failures="0" tests="1" name="testScript.AdminUserTest" time="18.181" errors="0" timestamp="2025-06-09T13:15:19 IST" skipped="0">
  <testcase classname="testScript.AdminUserTest" name="verifyWhetherUserIsAbleToAddNewAdminUserInformation" time="18.181"/>
</testsuite> <!-- testScript.AdminUserTest -->
