<?xml version="1.0" encoding="UTF-8"?>
<!-- Generated by org.testng.reporters.JUnitReportReporter -->
<testsuite hostname="DESKTOP-5IN5P6J" failures="0" tests="1" name="testScript.ManageCategoryTest" time="15.124" errors="0" timestamp="2025-06-08T12:22:47 IST" skipped="0">
  <testcase classname="testScript.ManageCategoryTest" name="manageCategoryTest" time="15.124"/>
</testsuite> <!-- testScript.ManageCategoryTest -->
