<?xml version="1.0" encoding="UTF-8"?>
<!-- Generated by org.testng.reporters.JUnitReportReporter -->
<testsuite hostname="DESKTOP-5IN5P6J" failures="0" tests="1" name="testScript.ManageContactTest" time="15.850" errors="0" timestamp="2025-06-08T11:37:38 IST" skipped="0">
  <testcase classname="testScript.ManageContactTest" name="mangeContactTest" time="15.850"/>
</testsuite> <!-- testScript.ManageContactTest -->
