<?xml version="1.0" encoding="UTF-8"?>
<!-- Generated by org.testng.reporters.JUnitReportReporter -->
<testsuite hostname="DESKTOP-5IN5P6J" failures="0" tests="1" name="testScript.AdminUserTest" time="17.139" errors="0" timestamp="2025-06-08T11:15:45 IST" skipped="0">
  <testcase classname="testScript.AdminUserTest" name="adminUserTest" time="17.139"/>
</testsuite> <!-- testScript.AdminUserTest -->
