<?xml version="1.0" encoding="UTF-8"?>
<!-- Generated by org.testng.reporters.JUnitReportReporter -->
<testsuite hostname="DESKTOP-5IN5P6J" failures="0" tests="1" name="testScript.ManageFooterTest" time="9.586" errors="0" timestamp="2025-05-30T12:04:50 IST" skipped="0">
  <testcase classname="testScript.ManageFooterTest" name="manageFooterTest" time="9.586"/>
</testsuite> <!-- testScript.ManageFooterTest -->
